This is pdfTeX, Version 3.14159265-2.6-1.40.21 (MiKTeX 20.6.29) (preloaded format=pdflatex 2020.8.30)  9 APR 2021 21:02
entering extended mode
**D:/Felipe/PDF/Facu/CeN-pt-LaTeX-NOVO/CeN_template_NEW.tex
(D:/Felipe/PDF/Facu/CeN-pt-LaTeX-NOVO/CeN_template_NEW.tex
LaTeX2e <2020-02-02> patch level 5
L3 programming layer <2020-06-18>
(C:\Users\Koba\AppData\Local\Programs\MiKTeX\tex/latex/base\article.cls
Document Class: article 2019/12/20 v1.4l Standard LaTeX document class
(C:\Users\Koba\AppData\Local\Programs\MiKTeX\tex/latex/base\size10.clo
File: size10.clo 2019/12/20 v1.4l Standard LaTeX file (size option)
)
\c@part=\count167
\c@section=\count168
\c@subsection=\count169
\c@subsubsection=\count170
\c@paragraph=\count171
\c@subparagraph=\count172
\c@figure=\count173
\c@table=\count174
\abovecaptionskip=\skip47
\belowcaptionskip=\skip48
\bibindent=\dimen134
)
(C:\Users\Koba\AppData\Local\Programs\MiKTeX\tex/generic/babel\babel.sty
Package: babel 2020/06/10 3.45 The Babel package

(C:\Users\Koba\AppData\Local\Programs\MiKTeX\tex/generic/babel\babel.def
File: babel.def 2020/06/10 3.45 Babel common definitions
\babel@savecnt=\count175
\U@D=\dimen135
\l@babelnohyphens=\language79

(C:\Users\Koba\AppData\Local\Programs\MiKTeX\tex/generic/babel\txtbabel.def)
\bbl@readstream=\read2
)
\bbl@dirlevel=\count176

*************************************
* Local config file bblopts.cfg used
*
(C:\Users\Koba\AppData\Local\Programs\MiKTeX\tex/latex/arabi\bblopts.cfg
File: bblopts.cfg 2005/09/08 v0.1 add Arabic and Farsi to "declared" options of
 babel
)
(C:\Users\Koba\AppData\Local\Programs\MiKTeX\tex/latex/babel-english\english.ld
f
Language: english 2017/06/06 v3.3r English support from the babel system
Package babel Info: \l@canadian = using hyphenrules for english
(babel)             (\language0) on input line 102.
Package babel Info: \l@australian = using hyphenrules for ukenglish
(babel)             (\language73) on input line 105.
Package babel Info: \l@newzealand = using hyphenrules for ukenglish
(babel)             (\language73) on input line 108.
)
(C:\Users\Koba\AppData\Local\Programs\MiKTeX\tex/latex/babel-portuges\brazil.ld
f
Language: portuges 2020/05/04 v1.2r Portuguese support from the babel system
Package babel Info: \l@brazil = using hyphenrules for portuguese
(babel)             (\language56) on input line 111.
Package babel Info: Making " an active character on input line 143.
)) (C:\Users\Koba\AppData\Local\Programs\MiKTeX\tex/latex/base\inputenc.sty
Package: inputenc 2018/08/11 v1.3c Input encoding file
\inpenc@prehook=\toks15
\inpenc@posthook=\toks16
)
(C:\Users\Koba\AppData\Local\Programs\MiKTeX\tex/latex/base\fontenc.sty
Package: fontenc 2020/02/11 v2.0o Standard LaTeX package
)
(C:\Users\Koba\AppData\Local\Programs\MiKTeX\tex/latex/preprint\authblk.sty
Package: authblk 2001/02/27 1.3 (PWD)
\affilsep=\skip49
\@affilsep=\skip50
\c@Maxaffil=\count177
\c@authors=\count178
\c@affil=\count179
)
(C:\Users\Koba\AppData\Local\Programs\MiKTeX\tex/latex/lipsum\lipsum.sty
(C:\Users\Koba\AppData\Local\Programs\MiKTeX\tex/latex/l3kernel\expl3.sty
Package: expl3 2020-06-18 L3 programming layer (loader) 

(C:\Users\Koba\AppData\Local\Programs\MiKTeX\tex/latex/l3backend\l3backend-pdfm
ode.def
File: l3backend-pdfmode.def 2020-06-29 L3 backend support: PDF mode
\l__kernel_color_stack_int=\count180
\l__pdf_internal_box=\box45
))
(C:\Users\Koba\AppData\Local\Programs\MiKTeX\tex/latex/l3packages/xparse\xparse
.sty
Package: xparse 2020-05-15 L3 Experimental document command parser

(C:\Users\Koba\AppData\Local\Programs\MiKTeX\tex/latex/l3packages/xparse\xparse
-generic.tex
\l__xparse_current_arg_int=\count181
\g__xparse_grabber_int=\count182
\l__xparse_m_args_int=\count183
\l__xparse_v_nesting_int=\count184
))
Package: lipsum 2019/01/02 v2.2 150 paragraphs of Lorem Ipsum dummy text

(C:\Users\Koba\AppData\Local\Programs\MiKTeX\tex/latex/lipsum\lipsum.ltd.tex
File: lipsum.ltd.tex 2019/01/02 v2.2 The Lorem ipsum dummy text
))
(C:\Users\Koba\AppData\Local\Programs\MiKTeX\tex/latex/psnfss\times.sty
Package: times 2020/03/25 PSNFSS-v9.3 (SPQR) 
)
(C:\Users\Koba\AppData\Local\Programs\MiKTeX\tex/latex/microtype\microtype.sty
Package: microtype 2019/11/18 v2.7d Micro-typographical refinements (RS)

(C:\Users\Koba\AppData\Local\Programs\MiKTeX\tex/latex/graphics\keyval.sty
Package: keyval 2014/10/28 v1.15 key=value parser (DPC)
\KV@toks@=\toks17
)
\MT@toks=\toks18
\MT@count=\count185
LaTeX Info: Redefining \textls on input line 790.
\MT@outer@kern=\dimen136
LaTeX Info: Redefining \textmicrotypecontext on input line 1354.
\MT@listname@count=\count186

(C:\Users\Koba\AppData\Local\Programs\MiKTeX\tex/latex/microtype\microtype-pdft
ex.def
File: microtype-pdftex.def 2019/11/18 v2.7d Definitions specific to pdftex (RS)

LaTeX Info: Redefining \lsstyle on input line 914.
LaTeX Info: Redefining \lslig on input line 914.
\MT@outer@space=\skip51
)
Package microtype Info: Loading configuration file microtype.cfg.

(C:\Users\Koba\AppData\Local\Programs\MiKTeX\tex/latex/microtype\microtype.cfg
File: microtype.cfg 2019/11/18 v2.7d microtype main configuration file (RS)
)) (C:\Users\Koba\AppData\Local\Programs\MiKTeX\tex/latex/geometry\geometry.sty
Package: geometry 2020/01/02 v5.9 Page Geometry

(C:\Users\Koba\AppData\Local\Programs\MiKTeX\tex/generic/iftex\ifvtex.sty
Package: ifvtex 2019/10/25 v1.7 ifvtex legacy package. Use iftex instead.

(C:\Users\Koba\AppData\Local\Programs\MiKTeX\tex/generic/iftex\iftex.sty
Package: iftex 2020/03/06 v1.0d TeX engine tests
))
\Gm@cnth=\count187
\Gm@cntv=\count188
\c@Gm@tempcnt=\count189
\Gm@bindingoffset=\dimen137
\Gm@wd@mp=\dimen138
\Gm@odd@mp=\dimen139
\Gm@even@mp=\dimen140
\Gm@layoutwidth=\dimen141
\Gm@layoutheight=\dimen142
\Gm@layouthoffset=\dimen143
\Gm@layoutvoffset=\dimen144
\Gm@dimlist=\toks19

(C:\Users\Koba\AppData\Local\Programs\MiKTeX\tex/latex/geometry\geometry.cfg))
(C:\Users\Koba\AppData\Local\Programs\MiKTeX\tex/latex/booktabs\booktabs.sty
Package: booktabs 2020/01/12 v1.61803398 Publication quality tables
\heavyrulewidth=\dimen145
\lightrulewidth=\dimen146
\cmidrulewidth=\dimen147
\belowrulesep=\dimen148
\belowbottomsep=\dimen149
\aboverulesep=\dimen150
\abovetopsep=\dimen151
\cmidrulesep=\dimen152
\cmidrulekern=\dimen153
\defaultaddspace=\dimen154
\@cmidla=\count190
\@cmidlb=\count191
\@aboverulesep=\dimen155
\@belowrulesep=\dimen156
\@thisruleclass=\count192
\@lastruleclass=\count193
\@thisrulewidth=\dimen157
)
(C:\Users\Koba\AppData\Local\Programs\MiKTeX\tex/latex/abstract\abstract.sty
Package: abstract 2009/06/08 v1.2a configurable abstracts
\abstitleskip=\skip52
\absleftindent=\skip53
\absrightindent=\skip54
\absparindent=\skip55
\absparsep=\skip56
)
(C:\Users\Koba\AppData\Local\Programs\MiKTeX\tex/latex/titlesec\titlesec.sty
Package: titlesec 2019/10/16 v2.13 Sectioning titles
\ttl@box=\box46
\beforetitleunit=\skip57
\aftertitleunit=\skip58
\ttl@plus=\dimen158
\ttl@minus=\dimen159
\ttl@toksa=\toks20
\titlewidth=\dimen160
\titlewidthlast=\dimen161
\titlewidthfirst=\dimen162
)
(C:\Users\Koba\AppData\Local\Programs\MiKTeX\tex/latex/fancyhdr\fancyhdr.sty
Package: fancyhdr 2019/01/31 v3.10 Extensive control of page headers and footer
s
\f@nch@headwidth=\skip59
\f@nch@O@elh=\skip60
\f@nch@O@erh=\skip61
\f@nch@O@olh=\skip62
\f@nch@O@orh=\skip63
\f@nch@O@elf=\skip64
\f@nch@O@erf=\skip65
\f@nch@O@olf=\skip66
\f@nch@O@orf=\skip67
)
(C:\Users\Koba\AppData\Local\Programs\MiKTeX\tex/latex/amsfonts\amssymb.sty
Package: amssymb 2013/01/14 v3.01 AMS font symbols

(C:\Users\Koba\AppData\Local\Programs\MiKTeX\tex/latex/amsfonts\amsfonts.sty
Package: amsfonts 2013/01/14 v3.01 Basic AMSFonts support
\@emptytoks=\toks21
\symAMSa=\mathgroup4
\symAMSb=\mathgroup5
LaTeX Font Info:    Redeclaring math symbol \hbar on input line 98.
LaTeX Font Info:    Overwriting math alphabet `\mathfrak' in version `bold'
(Font)                  U/euf/m/n --> U/euf/b/n on input line 106.
))
(C:\Users\Koba\AppData\Local\Programs\MiKTeX\tex/latex/amsmath\amsmath.sty
Package: amsmath 2020/01/20 v2.17e AMS math features
\@mathmargin=\skip68

For additional information on amsmath, use the `?' option.
(C:\Users\Koba\AppData\Local\Programs\MiKTeX\tex/latex/amsmath\amstext.sty
Package: amstext 2000/06/29 v2.01 AMS text

(C:\Users\Koba\AppData\Local\Programs\MiKTeX\tex/latex/amsmath\amsgen.sty
File: amsgen.sty 1999/11/30 v2.0 generic functions
\@emptytoks=\toks22
\ex@=\dimen163
))
(C:\Users\Koba\AppData\Local\Programs\MiKTeX\tex/latex/amsmath\amsbsy.sty
Package: amsbsy 1999/11/29 v1.2d Bold Symbols
\pmbraise@=\dimen164
)
(C:\Users\Koba\AppData\Local\Programs\MiKTeX\tex/latex/amsmath\amsopn.sty
Package: amsopn 2016/03/08 v2.02 operator names
)
\inf@bad=\count194
LaTeX Info: Redefining \frac on input line 227.
\uproot@=\count195
\leftroot@=\count196
LaTeX Info: Redefining \overline on input line 389.
\classnum@=\count197
\DOTSCASE@=\count198
LaTeX Info: Redefining \ldots on input line 486.
LaTeX Info: Redefining \dots on input line 489.
LaTeX Info: Redefining \cdots on input line 610.
\Mathstrutbox@=\box47
\strutbox@=\box48
\big@size=\dimen165
LaTeX Font Info:    Redeclaring font encoding OML on input line 733.
LaTeX Font Info:    Redeclaring font encoding OMS on input line 734.
\macc@depth=\count199
\c@MaxMatrixCols=\count266
\dotsspace@=\muskip16
\c@parentequation=\count267
\dspbrk@lvl=\count268
\tag@help=\toks23
\row@=\count269
\column@=\count270
\maxfields@=\count271
\andhelp@=\toks24
\eqnshift@=\dimen166
\alignsep@=\dimen167
\tagshift@=\dimen168
\tagwidth@=\dimen169
\totwidth@=\dimen170
\lineht@=\dimen171
\@envbody=\toks25
\multlinegap=\skip69
\multlinetaggap=\skip70
\mathdisplay@stack=\toks26
LaTeX Info: Redefining \[ on input line 2859.
LaTeX Info: Redefining \] on input line 2860.
)
(C:\Users\Koba\AppData\Local\Programs\MiKTeX\tex/latex/amscls\amsthm.sty
Package: amsthm 2020/05/29 v2.20.6
\thm@style=\toks27
\thm@bodyfont=\toks28
\thm@headfont=\toks29
\thm@notefont=\toks30
\thm@headpunct=\toks31
\thm@preskip=\skip71
\thm@postskip=\skip72
\thm@headsep=\skip73
\dth@everypar=\toks32
)
(C:\Users\Koba\AppData\Local\Programs\MiKTeX\tex/latex/natbib\natbib.sty
Package: natbib 2010/09/13 8.31b (PWD, AO)
\bibhang=\skip74
\bibsep=\skip75
LaTeX Info: Redefining \cite on input line 694.
\c@NAT@ctr=\count272
)
(C:\Users\Koba\AppData\Local\Programs\MiKTeX\tex/latex/graphics\graphicx.sty
Package: graphicx 2019/11/30 v1.2a Enhanced LaTeX Graphics (DPC,SPQR)

(C:\Users\Koba\AppData\Local\Programs\MiKTeX\tex/latex/graphics\graphics.sty
Package: graphics 2019/11/30 v1.4a Standard LaTeX Graphics (DPC,SPQR)

(C:\Users\Koba\AppData\Local\Programs\MiKTeX\tex/latex/graphics\trig.sty
Package: trig 2016/01/03 v1.10 sin cos tan (DPC)
)
(C:\Users\Koba\AppData\Local\Programs\MiKTeX\tex/latex/graphics-cfg\graphics.cf
g
File: graphics.cfg 2016/06/04 v1.11 sample graphics configuration
)
Package graphics Info: Driver file: pdftex.def on input line 105.

(C:\Users\Koba\AppData\Local\Programs\MiKTeX\tex/latex/graphics-def\pdftex.def
File: pdftex.def 2018/01/08 v1.0l Graphics/color driver for pdftex
))
\Gin@req@height=\dimen172
\Gin@req@width=\dimen173
) (C:\Users\Koba\AppData\Local\Programs\MiKTeX\tex/latex/graphics\rotating.sty
Package: rotating 2016/08/11 v2.16d rotated objects in LaTeX
(C:\Users\Koba\AppData\Local\Programs\MiKTeX\tex/latex/base\ifthen.sty
Package: ifthen 2014/09/29 v1.1c Standard LaTeX ifthen package (DPC)
)
\c@r@tfl@t=\count273
\rotFPtop=\skip76
\rotFPbot=\skip77
\rot@float@box=\box49
\rot@mess@toks=\toks33
)
(C:\Users\Koba\AppData\Local\Programs\MiKTeX\tex/latex/tools\enumerate.sty
Package: enumerate 2015/07/23 v3.00 enumerate extensions (DPC)
\@enLab=\toks34
)
(C:\Users\Koba\AppData\Local\Programs\MiKTeX\tex/latex/graphics\epsfig.sty
Package: epsfig 2017/06/25 v1.7b (e)psfig emulation (SPQR)
\epsfxsize=\dimen174
\epsfysize=\dimen175
)
(C:\Users\Koba\AppData\Local\Programs\MiKTeX\tex/latex/multirow\multirow.sty
Package: multirow 2019/05/31 v2.5 Span multiple rows of a table
\multirow@colwidth=\skip78
\multirow@cntb=\count274
\multirow@dima=\skip79
\bigstrutjot=\dimen176
)
(C:\Users\Koba\AppData\Local\Programs\MiKTeX\tex/latex/nonfloat\nonfloat.sty)
(C:\Users\Koba\AppData\Local\Programs\MiKTeX\tex/latex/tools\multicol.sty
Package: multicol 2019/12/09 v1.8y multicolumn formatting (FMi)
\c@tracingmulticols=\count275
\mult@box=\box50
\multicol@leftmargin=\dimen177
\c@unbalance=\count276
\c@collectmore=\count277
\doublecol@number=\count278
\multicoltolerance=\count279
\multicolpretolerance=\count280
\full@width=\dimen178
\page@free=\dimen179
\premulticols=\dimen180
\postmulticols=\dimen181
\multicolsep=\skip80
\multicolbaselineskip=\skip81
\partial@page=\box51
\last@line=\box52
\maxbalancingoverflow=\dimen182
\mult@rightbox=\box53
\mult@grightbox=\box54
\mult@gfirstbox=\box55
\mult@firstbox=\box56
\@tempa=\box57
\@tempa=\box58
\@tempa=\box59
\@tempa=\box60
\@tempa=\box61
\@tempa=\box62
\@tempa=\box63
\@tempa=\box64
\@tempa=\box65
\@tempa=\box66
\@tempa=\box67
\@tempa=\box68
\@tempa=\box69
\@tempa=\box70
\@tempa=\box71
\@tempa=\box72
\@tempa=\box73
\@tempa=\box74
\@tempa=\box75
\@tempa=\box76
\@tempa=\box77
\@tempa=\box78
\@tempa=\box79
\@tempa=\box80
\@tempa=\box81
\@tempa=\box82
\@tempa=\box83
\@tempa=\box84
\@tempa=\box85
\@tempa=\box86
\@tempa=\box87
\@tempa=\box88
\@tempa=\box89
\@tempa=\box90
\@tempa=\box91
\@tempa=\box92
\@tempa=\box93
\c@minrows=\count281
\c@columnbadness=\count282
\c@finalcolumnbadness=\count283
\last@try=\dimen183
\multicolovershoot=\dimen184
\multicolundershoot=\dimen185
\mult@nat@firstbox=\box94
\colbreak@box=\box95
\mc@col@check@num=\count284
)
(C:\Users\Koba\AppData\Local\Programs\MiKTeX\tex/latex/url\url.sty
\Urlmuskip=\muskip17
Package: url 2013/09/16  ver 3.4  Verb mode for urls, etc.
)
(C:\Users\Koba\AppData\Local\Programs\MiKTeX\tex/latex/hyperref\hyperref.sty
Package: hyperref 2020-05-15 v7.00e Hypertext links for LaTeX

(C:\Users\Koba\AppData\Local\Programs\MiKTeX\tex/generic/ltxcmds\ltxcmds.sty
Package: ltxcmds 2019/12/15 v1.24 LaTeX kernel commands for general use (HO)
)
(C:\Users\Koba\AppData\Local\Programs\MiKTeX\tex/generic/pdftexcmds\pdftexcmds.
sty
Package: pdftexcmds 2020-06-27 v0.33 Utility functions of pdfTeX for LuaTeX (HO
)

(C:\Users\Koba\AppData\Local\Programs\MiKTeX\tex/generic/infwarerr\infwarerr.st
y
Package: infwarerr 2019/12/03 v1.5 Providing info/warning/error messages (HO)
)
Package pdftexcmds Info: \pdf@primitive is available.
Package pdftexcmds Info: \pdf@ifprimitive is available.
Package pdftexcmds Info: \pdfdraftmode found.
)
(C:\Users\Koba\AppData\Local\Programs\MiKTeX\tex/generic/kvsetkeys\kvsetkeys.st
y
Package: kvsetkeys 2019/12/15 v1.18 Key value parser (HO)
)
(C:\Users\Koba\AppData\Local\Programs\MiKTeX\tex/generic/kvdefinekeys\kvdefinek
eys.sty
Package: kvdefinekeys 2019-12-19 v1.6 Define keys (HO)
)
(C:\Users\Koba\AppData\Local\Programs\MiKTeX\tex/generic/pdfescape\pdfescape.st
y
Package: pdfescape 2019/12/09 v1.15 Implements pdfTeX's escape features (HO)
) (C:\Users\Koba\AppData\Local\Programs\MiKTeX\tex/latex/hycolor\hycolor.sty
Package: hycolor 2020-01-27 v1.10 Color options for hyperref/bookmark (HO)
)
(C:\Users\Koba\AppData\Local\Programs\MiKTeX\tex/latex/letltxmacro\letltxmacro.
sty
Package: letltxmacro 2019/12/03 v1.6 Let assignment for LaTeX macros (HO)
) (C:\Users\Koba\AppData\Local\Programs\MiKTeX\tex/latex/auxhook\auxhook.sty
Package: auxhook 2019-12-17 v1.6 Hooks for auxiliary files (HO)
)
(C:\Users\Koba\AppData\Local\Programs\MiKTeX\tex/latex/kvoptions\kvoptions.sty
Package: kvoptions 2019/11/29 v3.13 Key value format for package options (HO)
)
\@linkdim=\dimen186
\Hy@linkcounter=\count285
\Hy@pagecounter=\count286
(C:\Users\Koba\AppData\Local\Programs\MiKTeX\tex/latex/hyperref\pd1enc.def
File: pd1enc.def 2020-05-15 v7.00e Hyperref: PDFDocEncoding definition (HO)
Now handling font encoding PD1 ...
... no UTF-8 mapping file for font encoding PD1
)
(C:\Users\Koba\AppData\Local\Programs\MiKTeX\tex/generic/intcalc\intcalc.sty
Package: intcalc 2019/12/15 v1.3 Expandable calculations with integers (HO)
)
(C:\Users\Koba\AppData\Local\Programs\MiKTeX\tex/generic/etexcmds\etexcmds.sty
Package: etexcmds 2019/12/15 v1.7 Avoid name clashes with e-TeX commands (HO)
)
\Hy@SavedSpaceFactor=\count287
Package hyperref Info: Hyper figures OFF on input line 4464.
Package hyperref Info: Link nesting OFF on input line 4469.
Package hyperref Info: Hyper index ON on input line 4472.
Package hyperref Info: Plain pages OFF on input line 4479.
Package hyperref Info: Backreferencing OFF on input line 4484.
Package hyperref Info: Implicit mode ON; LaTeX internals redefined.
Package hyperref Info: Bookmarks ON on input line 4717.
\c@Hy@tempcnt=\count288
LaTeX Info: Redefining \url on input line 5076.
\XeTeXLinkMargin=\dimen187
(C:\Users\Koba\AppData\Local\Programs\MiKTeX\tex/generic/bitset\bitset.sty
Package: bitset 2019/12/09 v1.3 Handle bit-vector datatype (HO)

(C:\Users\Koba\AppData\Local\Programs\MiKTeX\tex/generic/bigintcalc\bigintcalc.
sty
Package: bigintcalc 2019/12/15 v1.5 Expandable calculations on big integers (HO
)
))
\Fld@menulength=\count289
\Field@Width=\dimen188
\Fld@charsize=\dimen189
Package hyperref Info: Hyper figures OFF on input line 6347.
Package hyperref Info: Link nesting OFF on input line 6352.
Package hyperref Info: Hyper index ON on input line 6355.
Package hyperref Info: backreferencing OFF on input line 6362.
Package hyperref Info: Link coloring OFF on input line 6367.
Package hyperref Info: Link coloring with OCG OFF on input line 6372.
Package hyperref Info: PDF/A mode OFF on input line 6377.
LaTeX Info: Redefining \ref on input line 6417.
LaTeX Info: Redefining \pageref on input line 6421.

(C:\Users\Koba\AppData\Local\Programs\MiKTeX\tex/generic/atbegshi\atbegshi.sty
Package: atbegshi 2019/12/05 v1.19 At begin shipout hook (HO)
)
\Hy@abspage=\count290
\c@Item=\count291
\c@Hfootnote=\count292
)
Package hyperref Info: Driver (autodetected): hpdftex.
 (C:\Users\Koba\AppData\Local\Programs\MiKTeX\tex/latex/hyperref\hpdftex.def
File: hpdftex.def 2020-05-15 v7.00e Hyperref driver for pdfTeX

(C:\Users\Koba\AppData\Local\Programs\MiKTeX\tex/latex/atveryend\atveryend.sty
Package: atveryend 2019-12-11 v1.11 Hooks at the very end of document (HO)
Package atveryend Info: \enddocument detected (standard20110627).
)
\Fld@listcount=\count293
\c@bookmark@seq@number=\count294

(C:\Users\Koba\AppData\Local\Programs\MiKTeX\tex/latex/rerunfilecheck\rerunfile
check.sty
Package: rerunfilecheck 2019/12/05 v1.9 Rerun checks for auxiliary files (HO)

(C:\Users\Koba\AppData\Local\Programs\MiKTeX\tex/generic/uniquecounter\uniqueco
unter.sty
Package: uniquecounter 2019/12/15 v1.4 Provide unlimited unique counter (HO)
)
Package uniquecounter Info: New unique counter `rerunfilecheck' on input line 2
86.
)
\Hy@SectionHShift=\skip82
)
(C:\Users\Koba\AppData\Local\Programs\MiKTeX\tex/latex/subfigure\subfigure.sty
Package: subfigure 2002/07/30 v2.1.4 subfigure package
\subfigtopskip=\skip83
\subfigcapskip=\skip84
\subfigcaptopadj=\dimen190
\subfigbottomskip=\skip85
\subfigcapmargin=\dimen191
\subfiglabelskip=\skip86
\c@subfigure=\count295
\c@lofdepth=\count296
\c@subtable=\count297
\c@lotdepth=\count298

****************************************
* Local config file subfigure.cfg used *
****************************************
(C:\Users\Koba\AppData\Local\Programs\MiKTeX\tex/latex/subfigure\subfigure.cfg)
\subfig@top=\skip87
\subfig@bottom=\skip88
) (C:\Users\Koba\AppData\Local\Programs\MiKTeX\tex/latex/tools\bm.sty
Package: bm 2019/07/24 v1.2d Bold Symbol Support (DPC/FMi)
\symboldoperators=\mathgroup6
\symboldletters=\mathgroup7
\symboldsymbols=\mathgroup8
LaTeX Font Info:    Redeclaring math alphabet \mathbf on input line 141.
LaTeX Info: Redefining \bm on input line 209.
)
(C:\Users\Koba\AppData\Local\Programs\MiKTeX\tex/latex/graphics\color.sty
Package: color 2019/11/23 v1.2a Standard LaTeX Color (DPC)

(C:\Users\Koba\AppData\Local\Programs\MiKTeX\tex/latex/graphics-cfg\color.cfg
File: color.cfg 2016/01/02 v1.6 sample color configuration
)
Package color Info: Driver file: pdftex.def on input line 147.
) (C:\Users\Koba\AppData\Local\Programs\MiKTeX\tex/latex/was\icomma.sty
Package: icomma 2002/03/10 v2.0 (WaS)
)
\c@mydef=\count299

(CeN_template_NEW.aux)
\openout1 = `CeN_template_NEW.aux'.

LaTeX Font Info:    Checking defaults for OML/cmm/m/it on input line 104.
LaTeX Font Info:    ... okay on input line 104.
LaTeX Font Info:    Checking defaults for OMS/cmsy/m/n on input line 104.
LaTeX Font Info:    ... okay on input line 104.
LaTeX Font Info:    Checking defaults for OT1/cmr/m/n on input line 104.
LaTeX Font Info:    ... okay on input line 104.
LaTeX Font Info:    Checking defaults for T1/cmr/m/n on input line 104.
LaTeX Font Info:    ... okay on input line 104.
LaTeX Font Info:    Checking defaults for TS1/cmr/m/n on input line 104.
LaTeX Font Info:    ... okay on input line 104.
LaTeX Font Info:    Checking defaults for OMX/cmex/m/n on input line 104.
LaTeX Font Info:    ... okay on input line 104.
LaTeX Font Info:    Checking defaults for U/cmr/m/n on input line 104.
LaTeX Font Info:    ... okay on input line 104.
LaTeX Font Info:    Checking defaults for PD1/pdf/m/n on input line 104.
LaTeX Font Info:    ... okay on input line 104.
LaTeX Font Info:    Trying to load font information for T1+ptm on input line 10
4.

(C:\Users\Koba\AppData\Local\Programs\MiKTeX\tex/latex/psnfss\t1ptm.fd
File: t1ptm.fd 2001/06/04 font definitions for T1/ptm.
)
LaTeX Info: Redefining \microtypecontext on input line 104.
Package microtype Info: Generating PDF output.
Package microtype Info: Character protrusion enabled (level 2).
Package microtype Info: Using default protrusion set `alltext'.
Package microtype Info: Automatic font expansion enabled (level 2),
(microtype)             stretch: 20, shrink: 20, step: 1, non-selected.
Package microtype Info: Using default expansion set `basictext'.
LaTeX Info: Redefining \showhyphens on input line 104.
Package microtype Info: No adjustment of tracking.
Package microtype Info: No adjustment of interword spacing.
Package microtype Info: No adjustment of character kerning.

(C:\Users\Koba\AppData\Local\Programs\MiKTeX\tex/latex/microtype\mt-ptm.cfg
File: mt-ptm.cfg 2006/04/20 v1.7 microtype config. file: Times (RS)
)
*geometry* driver: auto-detecting
*geometry* detected driver: pdftex
*geometry* verbose mode - [ preamble ] result:
* driver: pdftex
* paper: a4paper
* layout: <same size as paper>
* layoutoffset:(h,v)=(0.0pt,0.0pt)
* hratio: 1:1
* modes: twoside 
* h-part:(L,W,R)=(42.67914pt, 512.1496pt, 42.67914pt)
* v-part:(T,H,B)=(93.89409pt, 691.40205pt, 59.7507pt)
* \paperwidth=597.50787pt
* \paperheight=845.04684pt
* \textwidth=512.1496pt
* \textheight=691.40205pt
* \oddsidemargin=-29.59085pt
* \evensidemargin=-29.59085pt
* \topmargin=-15.3759pt
* \headheight=12.0pt
* \headsep=25.0pt
* \topskip=10.0pt
* \footskip=30.0pt
* \marginparwidth=111.0pt
* \marginparsep=11.0pt
* \columnsep=20.0pt
* \skip\footins=9.0pt plus 4.0pt minus 2.0pt
* \hoffset=0.0pt
* \voffset=0.0pt
* \mag=1000
* \@twocolumnfalse
* \@twosidetrue
* \@mparswitchtrue
* \@reversemarginfalse
* (1in=72.27pt=25.4mm, 1cm=28.453pt)


(C:\Users\Koba\AppData\Local\Programs\MiKTeX\tex/context/base/mkii\supp-pdf.mki
i
[Loading MPS to PDF converter (version 2006.09.02).]
\scratchcounter=\count300
\scratchdimen=\dimen192
\scratchbox=\box96
\nofMPsegments=\count301
\nofMParguments=\count302
\everyMPshowfont=\toks35
\MPscratchCnt=\count303
\MPscratchDim=\dimen193
\MPnumerator=\count304
\makeMPintoPDFobject=\count305
\everyMPtoPDFconversion=\toks36
)
(C:\Users\Koba\AppData\Local\Programs\MiKTeX\tex/latex/epstopdf-pkg\epstopdf-ba
se.sty
Package: epstopdf-base 2020-01-24 v2.11 Base part for package epstopdf
Package epstopdf-base Info: Redefining graphics rule for `.eps' on input line 4
85.
)
\AtBeginShipoutBox=\box97
Package hyperref Info: Link coloring OFF on input line 104.

(C:\Users\Koba\AppData\Local\Programs\MiKTeX\tex/latex/hyperref\nameref.sty
Package: nameref 2019/09/16 v2.46 Cross-referencing by name of section

(C:\Users\Koba\AppData\Local\Programs\MiKTeX\tex/latex/refcount\refcount.sty
Package: refcount 2019/12/15 v3.6 Data extraction from label references (HO)
)
(C:\Users\Koba\AppData\Local\Programs\MiKTeX\tex/generic/gettitlestring\gettitl
estring.sty
Package: gettitlestring 2019/12/15 v1.6 Cleanup title references (HO)
)
\c@section@level=\count306
)
LaTeX Info: Redefining \ref on input line 104.
LaTeX Info: Redefining \pageref on input line 104.
LaTeX Info: Redefining \nameref on input line 104.
 (CeN_template_NEW.out) (CeN_template_NEW.out)
\@outlinefile=\write3
\openout3 = `CeN_template_NEW.out'.

 [1

{C:/Users/Koba/AppData/Local/MiKTeX/pdftex/config/pdftex.map}]
(C:\Users\Koba\AppData\Local\Programs\MiKTeX\tex/latex/microtype\mt-cmr.cfg
File: mt-cmr.cfg 2013/05/19 v2.2 microtype config. file: Computer Modern Roman 
(RS)
)
LaTeX Font Info:    Trying to load font information for U+msa on input line 150
.

(C:\Users\Koba\AppData\Local\Programs\MiKTeX\tex/latex/amsfonts\umsa.fd
File: umsa.fd 2013/01/14 v3.01 AMS symbols A
)
(C:\Users\Koba\AppData\Local\Programs\MiKTeX\tex/latex/microtype\mt-msa.cfg
File: mt-msa.cfg 2006/02/04 v1.1 microtype config. file: AMS symbols (a) (RS)
)
LaTeX Font Info:    Trying to load font information for U+msb on input line 150
.

(C:\Users\Koba\AppData\Local\Programs\MiKTeX\tex/latex/amsfonts\umsb.fd
File: umsb.fd 2013/01/14 v3.01 AMS symbols B
)
(C:\Users\Koba\AppData\Local\Programs\MiKTeX\tex/latex/microtype\mt-msb.cfg
File: mt-msb.cfg 2005/06/01 v1.0 microtype config. file: AMS symbols (b) (RS)
)

pdfTeX warning: pdflatex (file ./polar.pdf): PDF inclusion: found PDF version <
1.7>, but at most version <1.5> allowed
<polar.pdf, id=48, 1403.2425pt x 719.68875pt>
File: polar.pdf Graphic file (type pdf)
<use polar.pdf>
Package pdftex.def Info: polar.pdf  used on input line 154.
(pdftex.def)             Requested size: 204.8567pt x 105.0605pt.


pdfTeX warning: pdflatex (file ./p1.pdf): PDF inclusion: found PDF version <1.7
>, but at most version <1.5> allowed
<p1.pdf, id=50, 834.11626pt x 695.59875pt>
File: p1.pdf Graphic file (type pdf)
<use p1.pdf>
Package pdftex.def Info: p1.pdf  used on input line 172.
(pdftex.def)             Requested size: 153.64644pt x 128.13182pt.

Underfull \hbox (badness 10000) in paragraph at lines 176--177

 []

[2 <./polar.pdf> <./p1.pdf>]
Underfull \hbox (badness 10000) in paragraph at lines 183--184

 []



pdfTeX warning: pdflatex (file ./p2.pdf): PDF inclusion: found PDF version <1.7
>, but at most version <1.5> allowed
<p2.pdf, id=69, 930.47626pt x 810.02625pt>
File: p2.pdf Graphic file (type pdf)
<use p2.pdf>
Package pdftex.def Info: p2.pdf  used on input line 189.
(pdftex.def)             Requested size: 153.64644pt x 133.74744pt.

Underfull \hbox (badness 10000) in paragraph at lines 193--194

 []


Underfull \hbox (badness 10000) in paragraph at lines 193--194

 []



pdfTeX warning: pdflatex (file ./alpha.pdf): PDF inclusion: found PDF version <
1.7>, but at most version <1.5> allowed
<alpha.pdf, id=70, 930.47626pt x 843.15pt>
File: alpha.pdf Graphic file (type pdf)
<use alpha.pdf>
Package pdftex.def Info: alpha.pdf  used on input line 205.
(pdftex.def)             Requested size: 153.64644pt x 139.21666pt.
[3 <./p2.pdf> <./alpha.pdf>]

pdfTeX warning: pdflatex (file ./archim.pdf): PDF inclusion: found PDF version 
<1.7>, but at most version <1.5> allowed
<archim.pdf, id=88, 713.66624pt x 671.50874pt>
File: archim.pdf Graphic file (type pdf)
<use archim.pdf>
Package pdftex.def Info: archim.pdf  used on input line 229.
(pdftex.def)             Requested size: 153.64644pt x 144.56624pt.


pdfTeX warning: pdflatex (file ./lituus.pdf): PDF inclusion: found PDF version 
<1.7>, but at most version <1.5> allowed
<lituus.pdf, id=89, 575.14874pt x 505.89pt>
File: lituus.pdf Graphic file (type pdf)
<use lituus.pdf>
Package pdftex.def Info: lituus.pdf  used on input line 241.
(pdftex.def)             Requested size: 153.64644pt x 135.1409pt.
[4 <./archim.pdf> <./lituus.pdf>]

pdfTeX warning: pdflatex (file ./fermat.pdf): PDF inclusion: found PDF version 
<1.7>, but at most version <1.5> allowed
<fermat.pdf, id=104, 864.22874pt x 807.015pt>
File: fermat.pdf Graphic file (type pdf)
<use fermat.pdf>
Package pdftex.def Info: fermat.pdf  used on input line 251.
(pdftex.def)             Requested size: 153.64644pt x 143.47089pt.


pdfTeX warning: pdflatex (file ./hiper.pdf): PDF inclusion: found PDF version <
1.7>, but at most version <1.5> allowed
<hiper.pdf, id=105, 463.7325pt x 460.72125pt>
File: hiper.pdf Graphic file (type pdf)
<use hiper.pdf>
Package pdftex.def Info: hiper.pdf  used on input line 265.
(pdftex.def)             Requested size: 153.64644pt x 152.65009pt.

Underfull \hbox (badness 10000) in paragraph at lines 271--272

 []

[5 <./fermat.pdf> <./hiper.pdf>]

pdfTeX warning: pdflatex (file ./log.pdf): PDF inclusion: found PDF version <1.
7>, but at most version <1.5> allowed
<log.pdf, id=118, 840.13875pt x 466.74374pt>
File: log.pdf Graphic file (type pdf)
<use log.pdf>
Package pdftex.def Info: log.pdf  used on input line 279.
(pdftex.def)             Requested size: 153.64644pt x 85.3563pt.


pdfTeX warning: pdflatex (file ./ex1.pdf): PDF inclusion: found PDF version <1.
7>, but at most version <1.5> allowed
<ex1.pdf, id=119, 1204.5pt x 903.375pt>
File: ex1.pdf Graphic file (type pdf)
<use ex1.pdf>
Package pdftex.def Info: ex1.pdf  used on input line 303.
(pdftex.def)             Requested size: 102.42834pt x 76.82031pt.


pdfTeX warning: pdflatex (file ./ex2.pdf): PDF inclusion: found PDF version <1.
7>, but at most version <1.5> allowed
<ex2.pdf, id=120, 1204.5pt x 903.375pt>
File: ex2.pdf Graphic file (type pdf)
<use ex2.pdf>
Package pdftex.def Info: ex2.pdf  used on input line 305.
(pdftex.def)             Requested size: 102.42834pt x 76.82031pt.


pdfTeX warning: pdflatex (file ./ex3.pdf): PDF inclusion: found PDF version <1.
7>, but at most version <1.5> allowed
<ex3.pdf, id=121, 1204.5pt x 903.375pt>
File: ex3.pdf Graphic file (type pdf)
<use ex3.pdf>
Package pdftex.def Info: ex3.pdf  used on input line 311.
(pdftex.def)             Requested size: 102.42834pt x 76.82031pt.


pdfTeX warning: pdflatex (file ./ex4.pdf): PDF inclusion: found PDF version <1.
7>, but at most version <1.5> allowed
<ex4.pdf, id=122, 1204.5pt x 903.375pt>
File: ex4.pdf Graphic file (type pdf)
<use ex4.pdf>
Package pdftex.def Info: ex4.pdf  used on input line 313.
(pdftex.def)             Requested size: 102.42834pt x 76.82031pt.


pdfTeX warning: pdflatex (file ./NGC1566.pdf): PDF inclusion: found PDF version
 <1.7>, but at most version <1.5> allowed
<NGC1566.pdf, id=124, 1241.63875pt x 1157.32375pt>
File: NGC1566.pdf Graphic file (type pdf)
<use NGC1566.pdf>
Package pdftex.def Info: NGC1566.pdf  used on input line 321.
(pdftex.def)             Requested size: 153.64644pt x 143.19939pt.

LaTeX Warning: `!h' float specifier changed to `!ht'.


Underfull \hbox (badness 10000) in paragraph at lines 325--326

 []

[6 <./log.pdf> <./ex1.pdf> <./ex2.pdf> <./ex3.pdf> <./ex4.pdf>]

pdfTeX warning: pdflatex (file ./es.pdf): PDF inclusion: found PDF version <1.7
>, but at most version <1.5> allowed
<es.pdf, id=152, 225.84375pt x 239.39438pt>
File: es.pdf Graphic file (type pdf)
<use es.pdf>
Package pdftex.def Info: es.pdf  used on input line 338.
(pdftex.def)             Requested size: 153.64644pt x 162.87369pt.


pdfTeX warning: pdflatex (file ./p3.pdf): PDF inclusion: found PDF version <1.7
>, but at most version <1.5> allowed
<p3.pdf, id=153, 310.15875pt x 251.43938pt>
File: p3.pdf Graphic file (type pdf)
<use p3.pdf>
Package pdftex.def Info: p3.pdf  used on input line 340.
(pdftex.def)             Requested size: 179.25548pt x 145.31699pt.
[7 <./NGC1566.pdf> <./es.pdf> <./p3.pdf>]

pdfTeX warning: pdflatex (file ./c1.pdf): PDF inclusion: found PDF version <1.7
>, but at most version <1.5> allowed
<c1.pdf, id=171, 987.69pt x 828.09375pt>
File: c1.pdf Graphic file (type pdf)
<use c1.pdf>
Package pdftex.def Info: c1.pdf  used on input line 349.
(pdftex.def)             Requested size: 153.64644pt x 128.80809pt.


pdfTeX warning: pdflatex (file ./c2.pdf): PDF inclusion: found PDF version <1.7
>, but at most version <1.5> allowed
<c2.pdf, id=172, 383.41142pt x 366.67488pt>
File: c2.pdf Graphic file (type pdf)
<use c2.pdf>
Package pdftex.def Info: c2.pdf  used on input line 353.
(pdftex.def)             Requested size: 153.64644pt x 146.93591pt.


pdfTeX warning: pdflatex (file ./c3.pdf): PDF inclusion: found PDF version <1.7
>, but at most version <1.5> allowed
<c3.pdf, id=173, 429.05595pt x 389.49715pt>
File: c3.pdf Graphic file (type pdf)
<use c3.pdf>
Package pdftex.def Info: c3.pdf  used on input line 357.
(pdftex.def)             Requested size: 204.8567pt x 185.96992pt.


pdfTeX warning: pdflatex (file ./c4.pdf): PDF inclusion: found PDF version <1.7
>, but at most version <1.5> allowed
<c4.pdf, id=174, 409.27606pt x 386.45477pt>
File: c4.pdf Graphic file (type pdf)
<use c4.pdf>
Package pdftex.def Info: c4.pdf  used on input line 358.
(pdftex.def)             Requested size: 204.8567pt x 193.43329pt.
[8

 <./c1.pdf> <./c2.pdf> <./c3.pdf> <./c4.pdf>]

pdfTeX warning: pdflatex (file ./c5.pdf): PDF inclusion: found PDF version <1.7
>, but at most version <1.5> allowed
<c5.pdf, id=191, 505.12917pt x 222.13489pt>
File: c5.pdf Graphic file (type pdf)
<use c5.pdf>
Package pdftex.def Info: c5.pdf  used on input line 366.
(pdftex.def)             Requested size: 204.8567pt x 90.08615pt.


pdfTeX warning: pdflatex (file ./c6.pdf): PDF inclusion: found PDF version <1.7
>, but at most version <1.5> allowed
<c6.pdf, id=192, 505.89pt x 226.69995pt>
File: c6.pdf Graphic file (type pdf)
<use c6.pdf>
Package pdftex.def Info: c6.pdf  used on input line 368.
(pdftex.def)             Requested size: 204.8567pt x 91.8026pt.


pdfTeX warning: pdflatex (file ./t1.pdf): PDF inclusion: found PDF version <1.7
>, but at most version <1.5> allowed
<t1.pdf, id=194, 306.57738pt x 228.98148pt>
File: t1.pdf Graphic file (type pdf)
<use t1.pdf>
Package pdftex.def Info: t1.pdf  used on input line 378.
(pdftex.def)             Requested size: 204.8567pt x 153.01149pt.


pdfTeX warning: pdflatex (file ./t2.pdf): PDF inclusion: found PDF version <1.7
>, but at most version <1.5> allowed
<t2.pdf, id=195, 689.57625pt x 617.30624pt>
File: t2.pdf Graphic file (type pdf)
<use t2.pdf>
Package pdftex.def Info: t2.pdf  used on input line 379.
(pdftex.def)             Requested size: 204.8567pt x 183.38478pt.
[9

 <./c5.pdf> <./c6.pdf> <./t1.pdf> <./t2.pdf>] (CeN_template_NEW.bbl
LaTeX Font Info:    Trying to load font information for T1+pcr on input line 18
.

(C:\Users\Koba\AppData\Local\Programs\MiKTeX\tex/latex/psnfss\t1pcr.fd
File: t1pcr.fd 2001/06/04 font definitions for T1/pcr.
)
Package microtype Info: Loading generic protrusion settings for font family
(microtype)             `pcr' (encoding: T1).
(microtype)             For optimal results, create family-specific settings.
(microtype)             See the microtype manual for details.

Underfull \hbox (badness 10000) in paragraph at lines 17--19
[]\T1/ptm/m/n/10 (+20) Heath, T. L. (1897). The works of ar-chi-me-des. URL []$
\T1/pcr/m/n/10 https : / / archive . org / details /
 []

LaTeX Font Info:    Trying to load font information for TS1+ptm on input line 2
1.
(C:\Users\Koba\AppData\Local\Programs\MiKTeX\tex/latex/psnfss\ts1ptm.fd
File: ts1ptm.fd 2001/06/04 font definitions for TS1/ptm.
))
Package atveryend Info: Empty hook `BeforeClearDocument' on input line 395.

[10

]
Package atveryend Info: Empty hook `AfterLastShipout' on input line 395.
 (CeN_template_NEW.aux)
Package atveryend Info: Executing hook `AtVeryEndDocument' on input line 395.
Package atveryend Info: Executing hook `AtEndAfterFileList' on input line 395.
Package rerunfilecheck Info: File `CeN_template_NEW.out' has not changed.
(rerunfilecheck)             Checksum: F32D2B0795B3DA09557592DB84E4A87F;550.
Package atveryend Info: Empty hook `AtVeryVeryEnd' on input line 395.
 ) 
Here is how much of TeX's memory you used:
 12008 strings out of 480790
 189107 string characters out of 2897770
 597375 words of memory out of 3000000
 27512 multiletter control sequences out of 15000+200000
 588396 words of font info for 191 fonts, out of 3000000 for 9000
 1141 hyphenation exceptions out of 8191
 37i,11n,45p,1121b,432s stack positions out of 5000i,500n,10000p,200000b,50000s
{C:/Users/Koba/AppData/Local/Programs/MiKTeX/fonts/enc/dvips/base/8r.enc}<C:/
Users/Koba/AppData/Local/Programs/MiKTeX/fonts/type1/public/amsfonts/cm/cmex10.
pfb><C:/Users/Koba/AppData/Local/Programs/MiKTeX/fonts/type1/public/amsfonts/cm
/cmmi10.pfb><C:/Users/Koba/AppData/Local/Programs/MiKTeX/fonts/type1/public/ams
fonts/cm/cmmi5.pfb><C:/Users/Koba/AppData/Local/Programs/MiKTeX/fonts/type1/pub
lic/amsfonts/cm/cmmi7.pfb><C:/Users/Koba/AppData/Local/Programs/MiKTeX/fonts/ty
pe1/public/amsfonts/cm/cmmi8.pfb><C:/Users/Koba/AppData/Local/Programs/MiKTeX/f
onts/type1/public/amsfonts/cm/cmr10.pfb><C:/Users/Koba/AppData/Local/Programs/M
iKTeX/fonts/type1/public/amsfonts/cm/cmr5.pfb><C:/Users/Koba/AppData/Local/Prog
rams/MiKTeX/fonts/type1/public/amsfonts/cm/cmr7.pfb><C:/Users/Koba/AppData/Loca
l/Programs/MiKTeX/fonts/type1/public/amsfonts/cm/cmr8.pfb><C:/Users/Koba/AppDat
a/Local/Programs/MiKTeX/fonts/type1/public/amsfonts/cm/cmsy10.pfb><C:/Users/Kob
a/AppData/Local/Programs/MiKTeX/fonts/type1/public/amsfonts/cm/cmsy7.pfb><C:/Us
ers/Koba/AppData/Local/Programs/MiKTeX/fonts/type1/public/amsfonts/cm/cmti10.pf
b><C:/Users/Koba/AppData/Local/Programs/MiKTeX/fonts/type1/public/amsfonts/symb
ols/msbm10.pfb><C:/Users/Koba/AppData/Local/Programs/MiKTeX/fonts/type1/urw/cou
rier/ucrr8a.pfb><C:/Users/Koba/AppData/Local/Programs/MiKTeX/fonts/type1/urw/ti
mes/utmb8a.pfb><C:/Users/Koba/AppData/Local/Programs/MiKTeX/fonts/type1/urw/tim
es/utmbi8a.pfb><C:/Users/Koba/AppData/Local/Programs/MiKTeX/fonts/type1/urw/tim
es/utmr8a.pfb><C:/Users/Koba/AppData/Local/Programs/MiKTeX/fonts/type1/urw/time
s/utmri8a.pfb>
Output written on CeN_template_NEW.pdf (10 pages, 1985011 bytes).
PDF statistics:
 297 PDF objects out of 1000 (max. 8388607)
 52 named destinations out of 1000 (max. 500000)
 35521 words of extra memory for PDF output out of 35830 (max. 10000000)

